<?xml version="1.0" encoding="UTF-8"?>
<!-- Generated by org.testng.reporters.JUnitXMLReporter -->
<testsuite hostname="XIPL9394" ignored="0" name="Test" tests="12" failures="9" timestamp="2021-11-09T15:14:12 IST" time="186.544" errors="0">
  <testcase name="verify_Order_Isplaced" time="0.698" classname="TestPage.RSQ_GreenVegPageTest">
    <failure type="org.openqa.selenium.StaleElementReferenceException" message="stale element reference: element is not attached to the page document
  (Session info: chrome=95.0.4638.69)
For documentation on this error, please visit: https://selenium.dev/exceptions/#stale_element_reference
Build info: version: &amp;apos;4.0.0-rc-1&amp;apos;, revision: &amp;apos;bc5511cbda&amp;apos;
System info: host: &amp;apos;XIPL9394&amp;apos;, ip: &amp;apos;192.168.141.191&amp;apos;, os.name: &amp;apos;Windows 10&amp;apos;, os.arch: &amp;apos;amd64&amp;apos;, os.version: &amp;apos;10.0&amp;apos;, java.version: &amp;apos;1.8.0_281&amp;apos;
Driver info: org.openqa.selenium.chrome.ChromeDriver
Command: [359a1d698330a7fda5e67b5c402bd5e9, getElementText {id=d18e2027-393f-4b4e-b4a3-675befe54a93}]
Capabilities {acceptInsecureCerts: false, browserName: chrome, browserVersion: 95.0.4638.69, chrome: {chromedriverVersion: 95.0.4638.69 (6a1600ed572fe..., userDataDir: C:\Users\vdhage\AppData\Loc...}, goog:chromeOptions: {debuggerAddress: localhost:51240}, javascriptEnabled: true, networkConnectionEnabled: false, pageLoadStrategy: normal, platform: WINDOWS, platformName: WINDOWS, proxy: Proxy(), se:cdp: ws://localhost:51240/devtoo..., se:cdpVersion: 95.0.4638.69, setWindowRect: true, strictFileInteractability: false, timeouts: {implicit: 0, pageLoad: 300000, script: 30000}, unhandledPromptBehavior: dismiss and notify, webauthn:extension:credBlob: true, webauthn:extension:largeBlob: true, webauthn:virtualAuthenticators: true}
Element: [[ChromeDriver: chrome on WINDOWS (359a1d698330a7fda5e67b5c402bd5e9)] -&amp;gt; xpath: //p[@class=&amp;apos;product-name&amp;apos;]]
Session ID: 359a1d698330a7fda5e67b5c402bd5e9">
      <![CDATA[org.openqa.selenium.StaleElementReferenceException: stale element reference: element is not attached to the page document
  (Session info: chrome=95.0.4638.69)
For documentation on this error, please visit: https://selenium.dev/exceptions/#stale_element_reference
Build info: version: '4.0.0-rc-1', revision: 'bc5511cbda'
System info: host: 'XIPL9394', ip: '192.168.141.191', os.name: 'Windows 10', os.arch: 'amd64', os.version: '10.0', java.version: '1.8.0_281'
Driver info: org.openqa.selenium.chrome.ChromeDriver
Command: [359a1d698330a7fda5e67b5c402bd5e9, getElementText {id=d18e2027-393f-4b4e-b4a3-675befe54a93}]
Capabilities {acceptInsecureCerts: false, browserName: chrome, browserVersion: 95.0.4638.69, chrome: {chromedriverVersion: 95.0.4638.69 (6a1600ed572fe..., userDataDir: C:\Users\vdhage\AppData\Loc...}, goog:chromeOptions: {debuggerAddress: localhost:51240}, javascriptEnabled: true, networkConnectionEnabled: false, pageLoadStrategy: normal, platform: WINDOWS, platformName: WINDOWS, proxy: Proxy(), se:cdp: ws://localhost:51240/devtoo..., se:cdpVersion: 95.0.4638.69, setWindowRect: true, strictFileInteractability: false, timeouts: {implicit: 0, pageLoad: 300000, script: 30000}, unhandledPromptBehavior: dismiss and notify, webauthn:extension:credBlob: true, webauthn:extension:largeBlob: true, webauthn:virtualAuthenticators: true}
Element: [[ChromeDriver: chrome on WINDOWS (359a1d698330a7fda5e67b5c402bd5e9)] -> xpath: //p[@class='product-name']]
Session ID: 359a1d698330a7fda5e67b5c402bd5e9
at org.openqa.selenium.remote.codec.w3c.W3CHttpResponseCodec.createException(W3CHttpResponseCodec.java:200)
at org.openqa.selenium.remote.codec.w3c.W3CHttpResponseCodec.decode(W3CHttpResponseCodec.java:133)
at org.openqa.selenium.remote.codec.w3c.W3CHttpResponseCodec.decode(W3CHttpResponseCodec.java:53)
at org.openqa.selenium.remote.HttpCommandExecutor.execute(HttpCommandExecutor.java:184)
at org.openqa.selenium.remote.service.DriverCommandExecutor.invokeExecute(DriverCommandExecutor.java:164)
at org.openqa.selenium.remote.service.DriverCommandExecutor.execute(DriverCommandExecutor.java:139)
at org.openqa.selenium.remote.RemoteWebDriver.execute(RemoteWebDriver.java:547)
at org.openqa.selenium.remote.RemoteWebElement.execute(RemoteWebElement.java:251)
at org.openqa.selenium.remote.RemoteWebElement.getText(RemoteWebElement.java:201)
at PageClasses.RSQ_GreenVegPage.placing_Order_WithCartItem(RSQ_GreenVegPage.java:48)
at TestPage.RSQ_GreenVegPageTest.verify_Order_Isplaced(RSQ_GreenVegPageTest.java:46)
at java.util.ArrayList.forEach(ArrayList.java:1259)
... Removed 31 stack frames]]>
    </failure>
  </testcase> <!-- verify_Order_Isplaced -->
  <testcase name="testwith_ValidData" time="5.011" classname="TestPage.TeachingLoginPageTest">
    <failure type="java.lang.NullPointerException">
      <![CDATA[java.lang.NullPointerException
at AppConfiguration.Utilityclass.doSendValues(Utilityclass.java:50)
at PageClasses.TeachingLoginPage.doLoginWithValid_Data(TeachingLoginPage.java:36)
at TestPage.TeachingLoginPageTest.testwith_ValidData(TeachingLoginPageTest.java:37)
at java.util.ArrayList.forEach(ArrayList.java:1259)
... Removed 27 stack frames]]>
    </failure>
  </testcase> <!-- testwith_ValidData -->
  <testcase name="testwith_InvalidData" time="5.017" classname="TestPage.TeachingLoginPageTest">
    <failure type="java.lang.NullPointerException">
      <![CDATA[java.lang.NullPointerException
at AppConfiguration.Utilityclass.doSendValues(Utilityclass.java:50)
at PageClasses.TeachingLoginPage.dNTLoginWithInvalid_Data(TeachingLoginPage.java:30)
at TestPage.TeachingLoginPageTest.testwith_InvalidData(TeachingLoginPageTest.java:54)
at java.util.ArrayList.forEach(ArrayList.java:1259)
... Removed 27 stack frames]]>
    </failure>
  </testcase> <!-- testwith_InvalidData -->
  <testcase name="testwith_InvalidData" time="5.067" classname="TestPage.TeachingLoginPageTest">
    <failure type="java.lang.NullPointerException">
      <![CDATA[java.lang.NullPointerException
at AppConfiguration.Utilityclass.doSendValues(Utilityclass.java:50)
at PageClasses.TeachingLoginPage.dNTLoginWithInvalid_Data(TeachingLoginPage.java:30)
at TestPage.TeachingLoginPageTest.testwith_InvalidData(TeachingLoginPageTest.java:54)
at java.util.ArrayList.forEach(ArrayList.java:1259)
... Removed 27 stack frames]]>
    </failure>
  </testcase> <!-- testwith_InvalidData -->
  <testcase name="testwith_InvalidData" time="5.055" classname="TestPage.TeachingLoginPageTest">
    <failure type="java.lang.NullPointerException">
      <![CDATA[java.lang.NullPointerException
at AppConfiguration.Utilityclass.doSendValues(Utilityclass.java:50)
at PageClasses.TeachingLoginPage.dNTLoginWithInvalid_Data(TeachingLoginPage.java:30)
at TestPage.TeachingLoginPageTest.testwith_InvalidData(TeachingLoginPageTest.java:54)
at java.util.ArrayList.forEach(ArrayList.java:1259)
... Removed 27 stack frames]]>
    </failure>
  </testcase> <!-- testwith_InvalidData -->
  <testcase name="testwith_InvalidData" time="5.032" classname="TestPage.TeachingLoginPageTest">
    <failure type="java.lang.NullPointerException">
      <![CDATA[java.lang.NullPointerException
at AppConfiguration.Utilityclass.doSendValues(Utilityclass.java:50)
at PageClasses.TeachingLoginPage.dNTLoginWithInvalid_Data(TeachingLoginPage.java:30)
at TestPage.TeachingLoginPageTest.testwith_InvalidData(TeachingLoginPageTest.java:54)
at java.util.ArrayList.forEach(ArrayList.java:1259)
... Removed 27 stack frames]]>
    </failure>
  </testcase> <!-- testwith_InvalidData -->
  <testcase name="Loginto_PractiePage" time="0.331" classname="TestPage.RS_PracticeLoginPageTest"/>
  <testcase name="verifytermsandconditionText" time="0.041" classname="TestPage.RS_PracticeLoginPageTest"/>
  <testcase name="verifyGreenKartPageTitle" time="0.038" classname="TestPage.RSQ_GreenKartPageTest">
    <failure type="java.lang.AssertionError" message="expected [GreenKart - veg and fruits kart] but found [Rahul Shetty Academy]">
      <![CDATA[java.lang.AssertionError: expected [GreenKart - veg and fruits kart] but found [Rahul Shetty Academy]
at TestPage.RSQ_GreenKartPageTest.verifyGreenKartPageTitle(RSQ_GreenKartPageTest.java:46)
at java.util.ArrayList.forEach(ArrayList.java:1259)
... Removed 33 stack frames]]>
    </failure>
  </testcase> <!-- verifyGreenKartPageTitle -->
  <testcase name="verifyPractiseLink1" time="2.085" classname="TestPage.RS_ProjectPageTest"/>
  <testcase name="verifyHomePage" time="3.429" classname="TestPage.RS_HomePageTest">
    <failure type="java.lang.AssertionError" message="expected [true] but found [false]">
      <![CDATA[java.lang.AssertionError: expected [true] but found [false]
at TestPage.RS_HomePageTest.verifyHomePage(RS_HomePageTest.java:38)
at java.util.ArrayList.forEach(ArrayList.java:1259)
... Removed 33 stack frames]]>
    </failure>
  </testcase> <!-- verifyHomePage -->
  <testcase name="clickingonLoginTab" time="1.079" classname="TestPage.RS_HomePageTest">
    <failure type="org.openqa.selenium.ElementClickInterceptedException" message="element click intercepted: Element &amp;lt;span _ngcontent-eya-c24=&amp;quot;&amp;quot; class=&amp;quot;icon fa fa-lock&amp;quot;&amp;gt;&amp;lt;/span&amp;gt; is not clickable at point (1165, 27). Other element would receive the click: &amp;lt;iframe id=&amp;quot;aswift_1&amp;quot; name=&amp;quot;&amp;quot; sandbox=&amp;quot;allow-forms allow-popups allow-popups-to-escape-sandbox allow-same-origin allow-scripts allow-top-navigation-by-user-activation&amp;quot; width=&amp;quot;&amp;quot; height=&amp;quot;&amp;quot; frameborder=&amp;quot;0&amp;quot; src=&amp;quot;https://googleads.g.doubleclick.net/pagead/html/r20211103/r20110914/zrt_lookup.html?fsb=1#RS-0-&amp;amp;amp;adk=1812271808&amp;amp;amp;client=ca-pub-3231318496783163&amp;amp;amp;fa=8&amp;amp;amp;ifi=2&amp;amp;amp;uci=a!2&amp;quot; marginwidth=&amp;quot;0&amp;quot; marginheight=&amp;quot;0&amp;quot; vspace=&amp;quot;0&amp;quot; hspace=&amp;quot;0&amp;quot; allowtransparency=&amp;quot;true&amp;quot; scrolling=&amp;quot;no&amp;quot; allowfullscreen=&amp;quot;true&amp;quot; data-google-container-id=&amp;quot;a!2&amp;quot; data-google-query-id=&amp;quot;CI3V2rj-ivQCFdEJ1QodPb4Bdg&amp;quot; data-load-complete=&amp;quot;true&amp;quot; style=&amp;quot;width: 100vw !important; height: 100vh !important; inset: 0px auto auto 0px !important; position: absolute !important; clear: none !important; display: inline !important; float: none !important; margin: 0px !important; max-height: none !important; max-width: none !important; opacity: 1 !important; overflow: visible !important; padding: 0px !important; vertical-align: baseline !important; visibility: visible !important; z-index: auto !important;&amp;quot;&amp;gt;&amp;lt;/iframe&amp;gt;
  (Session info: chrome=95.0.4638.69)
Build info: version: &amp;apos;4.0.0-rc-1&amp;apos;, revision: &amp;apos;bc5511cbda&amp;apos;
System info: host: &amp;apos;XIPL9394&amp;apos;, ip: &amp;apos;192.168.141.191&amp;apos;, os.name: &amp;apos;Windows 10&amp;apos;, os.arch: &amp;apos;amd64&amp;apos;, os.version: &amp;apos;10.0&amp;apos;, java.version: &amp;apos;1.8.0_281&amp;apos;
Driver info: org.openqa.selenium.chrome.ChromeDriver
Command: [842f5b8fff2025c50e91f77ebe9d3f20, clickElement {id=f6f88437-4bbd-4ef7-b703-e6987ede2361}]
Capabilities {acceptInsecureCerts: false, browserName: chrome, browserVersion: 95.0.4638.69, chrome: {chromedriverVersion: 95.0.4638.69 (6a1600ed572fe..., userDataDir: C:\Users\vdhage\AppData\Loc...}, goog:chromeOptions: {debuggerAddress: localhost:51008}, javascriptEnabled: true, networkConnectionEnabled: false, pageLoadStrategy: normal, platform: WINDOWS, platformName: WINDOWS, proxy: Proxy(), se:cdp: ws://localhost:51008/devtoo..., se:cdpVersion: 95.0.4638.69, setWindowRect: true, strictFileInteractability: false, timeouts: {implicit: 0, pageLoad: 300000, script: 30000}, unhandledPromptBehavior: dismiss and notify, webauthn:extension:credBlob: true, webauthn:extension:largeBlob: true, webauthn:virtualAuthenticators: true}
Element: [[ChromeDriver: chrome on WINDOWS (842f5b8fff2025c50e91f77ebe9d3f20)] -&amp;gt; css selector: .icon.fa.fa-lock]
Session ID: 842f5b8fff2025c50e91f77ebe9d3f20">
      <![CDATA[org.openqa.selenium.ElementClickInterceptedException: element click intercepted: Element <span _ngcontent-eya-c24="" class="icon fa fa-lock"></span> is not clickable at point (1165, 27). Other element would receive the click: <iframe id="aswift_1" name="" sandbox="allow-forms allow-popups allow-popups-to-escape-sandbox allow-same-origin allow-scripts allow-top-navigation-by-user-activation" width="" height="" frameborder="0" src="https://googleads.g.doubleclick.net/pagead/html/r20211103/r20110914/zrt_lookup.html?fsb=1#RS-0-&amp;adk=1812271808&amp;client=ca-pub-3231318496783163&amp;fa=8&amp;ifi=2&amp;uci=a!2" marginwidth="0" marginheight="0" vspace="0" hspace="0" allowtransparency="true" scrolling="no" allowfullscreen="true" data-google-container-id="a!2" data-google-query-id="CI3V2rj-ivQCFdEJ1QodPb4Bdg" data-load-complete="true" style="width: 100vw !important; height: 100vh !important; inset: 0px auto auto 0px !important; position: absolute !important; clear: none !important; display: inline !important; float: none !important; margin: 0px !important; max-height: none !important; max-width: none !important; opacity: 1 !important; overflow: visible !important; padding: 0px !important; vertical-align: baseline !important; visibility: visible !important; z-index: auto !important;"></iframe>
  (Session info: chrome=95.0.4638.69)
Build info: version: '4.0.0-rc-1', revision: 'bc5511cbda'
System info: host: 'XIPL9394', ip: '192.168.141.191', os.name: 'Windows 10', os.arch: 'amd64', os.version: '10.0', java.version: '1.8.0_281'
Driver info: org.openqa.selenium.chrome.ChromeDriver
Command: [842f5b8fff2025c50e91f77ebe9d3f20, clickElement {id=f6f88437-4bbd-4ef7-b703-e6987ede2361}]
Capabilities {acceptInsecureCerts: false, browserName: chrome, browserVersion: 95.0.4638.69, chrome: {chromedriverVersion: 95.0.4638.69 (6a1600ed572fe..., userDataDir: C:\Users\vdhage\AppData\Loc...}, goog:chromeOptions: {debuggerAddress: localhost:51008}, javascriptEnabled: true, networkConnectionEnabled: false, pageLoadStrategy: normal, platform: WINDOWS, platformName: WINDOWS, proxy: Proxy(), se:cdp: ws://localhost:51008/devtoo..., se:cdpVersion: 95.0.4638.69, setWindowRect: true, strictFileInteractability: false, timeouts: {implicit: 0, pageLoad: 300000, script: 30000}, unhandledPromptBehavior: dismiss and notify, webauthn:extension:credBlob: true, webauthn:extension:largeBlob: true, webauthn:virtualAuthenticators: true}
Element: [[ChromeDriver: chrome on WINDOWS (842f5b8fff2025c50e91f77ebe9d3f20)] -> css selector: .icon.fa.fa-lock]
Session ID: 842f5b8fff2025c50e91f77ebe9d3f20
at org.openqa.selenium.remote.codec.w3c.W3CHttpResponseCodec.createException(W3CHttpResponseCodec.java:200)
at org.openqa.selenium.remote.codec.w3c.W3CHttpResponseCodec.decode(W3CHttpResponseCodec.java:133)
at org.openqa.selenium.remote.codec.w3c.W3CHttpResponseCodec.decode(W3CHttpResponseCodec.java:53)
at org.openqa.selenium.remote.HttpCommandExecutor.execute(HttpCommandExecutor.java:184)
at org.openqa.selenium.remote.service.DriverCommandExecutor.invokeExecute(DriverCommandExecutor.java:164)
at org.openqa.selenium.remote.service.DriverCommandExecutor.execute(DriverCommandExecutor.java:139)
at org.openqa.selenium.remote.RemoteWebDriver.execute(RemoteWebDriver.java:547)
at org.openqa.selenium.remote.RemoteWebElement.execute(RemoteWebElement.java:251)
at org.openqa.selenium.remote.RemoteWebElement.click(RemoteWebElement.java:77)
at AppConfiguration.Utilityclass.doClickOnWebElement(Utilityclass.java:41)
at PageClasses.RS_HomePage.clickLogin(RS_HomePage.java:41)
at TestPage.RS_HomePageTest.clickingonLoginTab(RS_HomePageTest.java:44)
at java.util.ArrayList.forEach(ArrayList.java:1259)
... Removed 31 stack frames]]>
    </failure>
  </testcase> <!-- clickingonLoginTab -->
</testsuite> <!-- Test -->
