<?xml version="1.0" encoding="UTF-8"?>
<!-- Generated by org.testng.reporters.JUnitXMLReporter -->
<testsuite hostname="XIPL9394" ignored="0" name="Testing Framework" tests="5" failures="0" timestamp="2021-10-03T09:24:37 IST" time="21.361" errors="0">
  <testcase name="@BeforeTest setUp" time="7.838" classname="TestPage.RS_PracticeLoginPageTest">
    <failure type="org.openqa.selenium.ElementClickInterceptedException" message="element click intercepted: Element &amp;lt;a _ngcontent-mom-c24=&amp;quot;&amp;quot; href=&amp;quot;#/practice-project&amp;quot;&amp;gt;...&amp;lt;/a&amp;gt; is not clickable at point (1018, 122). Other element would receive the click: &amp;lt;div _ngcontent-mom-c24=&amp;quot;&amp;quot; class=&amp;quot;preloader&amp;quot; style=&amp;quot;opacity: 0.99999;&amp;quot;&amp;gt;...&amp;lt;/div&amp;gt;
  (Session info: chrome=94.0.4606.71)
Build info: version: &amp;apos;4.0.0-rc-1&amp;apos;, revision: &amp;apos;bc5511cbda&amp;apos;
System info: host: &amp;apos;XIPL9394&amp;apos;, ip: &amp;apos;192.168.216.191&amp;apos;, os.name: &amp;apos;Windows 10&amp;apos;, os.arch: &amp;apos;amd64&amp;apos;, os.version: &amp;apos;10.0&amp;apos;, java.version: &amp;apos;1.8.0_281&amp;apos;
Driver info: org.openqa.selenium.chrome.ChromeDriver
Command: [a0e713c0b34e2aa46d514ddf50dc80d1, clickElement {id=c387bb94-4364-41d0-b5f1-428defc0f5c9}]
Capabilities {acceptInsecureCerts: false, browserName: chrome, browserVersion: 94.0.4606.71, chrome: {chromedriverVersion: 94.0.4606.61 (418b78f5838ed..., userDataDir: C:\Users\vdhage\AppData\Loc...}, goog:chromeOptions: {debuggerAddress: localhost:61176}, javascriptEnabled: true, networkConnectionEnabled: false, pageLoadStrategy: normal, platform: WINDOWS, platformName: WINDOWS, proxy: Proxy(), se:cdp: ws://localhost:61176/devtoo..., se:cdpVersion: 94.0.4606.71, setWindowRect: true, strictFileInteractability: false, timeouts: {implicit: 0, pageLoad: 300000, script: 30000}, unhandledPromptBehavior: dismiss and notify, webauthn:extension:credBlob: true, webauthn:extension:largeBlob: true, webauthn:virtualAuthenticators: true}
Element: [[ChromeDriver: chrome on WINDOWS (a0e713c0b34e2aa46d514ddf50dc80d1)] -&amp;gt; xpath: (//a[text()=&amp;apos;Practice&amp;apos;])[1]]
Session ID: a0e713c0b34e2aa46d514ddf50dc80d1">
      <![CDATA[org.openqa.selenium.ElementClickInterceptedException: element click intercepted: Element <a _ngcontent-mom-c24="" href="#/practice-project">...</a> is not clickable at point (1018, 122). Other element would receive the click: <div _ngcontent-mom-c24="" class="preloader" style="opacity: 0.99999;">...</div>
  (Session info: chrome=94.0.4606.71)
Build info: version: '4.0.0-rc-1', revision: 'bc5511cbda'
System info: host: 'XIPL9394', ip: '192.168.216.191', os.name: 'Windows 10', os.arch: 'amd64', os.version: '10.0', java.version: '1.8.0_281'
Driver info: org.openqa.selenium.chrome.ChromeDriver
Command: [a0e713c0b34e2aa46d514ddf50dc80d1, clickElement {id=c387bb94-4364-41d0-b5f1-428defc0f5c9}]
Capabilities {acceptInsecureCerts: false, browserName: chrome, browserVersion: 94.0.4606.71, chrome: {chromedriverVersion: 94.0.4606.61 (418b78f5838ed..., userDataDir: C:\Users\vdhage\AppData\Loc...}, goog:chromeOptions: {debuggerAddress: localhost:61176}, javascriptEnabled: true, networkConnectionEnabled: false, pageLoadStrategy: normal, platform: WINDOWS, platformName: WINDOWS, proxy: Proxy(), se:cdp: ws://localhost:61176/devtoo..., se:cdpVersion: 94.0.4606.71, setWindowRect: true, strictFileInteractability: false, timeouts: {implicit: 0, pageLoad: 300000, script: 30000}, unhandledPromptBehavior: dismiss and notify, webauthn:extension:credBlob: true, webauthn:extension:largeBlob: true, webauthn:virtualAuthenticators: true}
Element: [[ChromeDriver: chrome on WINDOWS (a0e713c0b34e2aa46d514ddf50dc80d1)] -> xpath: (//a[text()='Practice'])[1]]
Session ID: a0e713c0b34e2aa46d514ddf50dc80d1
at org.openqa.selenium.remote.codec.w3c.W3CHttpResponseCodec.createException(W3CHttpResponseCodec.java:200)
at org.openqa.selenium.remote.codec.w3c.W3CHttpResponseCodec.decode(W3CHttpResponseCodec.java:133)
at org.openqa.selenium.remote.codec.w3c.W3CHttpResponseCodec.decode(W3CHttpResponseCodec.java:53)
at org.openqa.selenium.remote.HttpCommandExecutor.execute(HttpCommandExecutor.java:184)
at org.openqa.selenium.remote.service.DriverCommandExecutor.invokeExecute(DriverCommandExecutor.java:164)
at org.openqa.selenium.remote.service.DriverCommandExecutor.execute(DriverCommandExecutor.java:139)
at org.openqa.selenium.remote.RemoteWebDriver.execute(RemoteWebDriver.java:547)
at org.openqa.selenium.remote.RemoteWebElement.execute(RemoteWebElement.java:251)
at org.openqa.selenium.remote.RemoteWebElement.click(RemoteWebElement.java:77)
at AppConfiguration.Utilityclass.doClickOnWebElement(Utilityclass.java:44)
at PageClasses.RS_HomePage.clickPracticeTab(RS_HomePage.java:46)
at TestPage.RS_PracticeLoginPageTest.setUp(RS_PracticeLoginPageTest.java:32)
... Removed 32 stack frames]]>
    </failure>
  </testcase> <!-- @BeforeTest setUp -->
  <testcase name="@BeforeTest setUp" time="-1.633233277174E9" classname="TestPage.RS_ProjectPageTest">
    <skipped/>
  </testcase> <!-- @BeforeTest setUp -->
  <testcase name="@AfterTest tearDownpage" time="-1.633233277231E9" classname="TestPage.RS_HomePageTest">
    <skipped/>
  </testcase> <!-- @AfterTest tearDownpage -->
  <testcase name="@AfterTest tearDownpage" time="-1.633233277232E9" classname="TestPage.RS_PracticeLoginPageTest">
    <skipped/>
  </testcase> <!-- @AfterTest tearDownpage -->
  <testcase name="Loginto_PractiePage" time="0.0" classname="TestPage.RS_PracticeLoginPageTest">
    <skipped/>
  </testcase> <!-- Loginto_PractiePage -->
  <testcase name="verifytermsandconditionText" time="0.0" classname="TestPage.RS_PracticeLoginPageTest">
    <skipped/>
  </testcase> <!-- verifytermsandconditionText -->
  <testcase name="verifyHomePage" time="0.0" classname="TestPage.RS_HomePageTest">
    <skipped/>
  </testcase> <!-- verifyHomePage -->
  <testcase name="clickingonLoginTab" time="0.0" classname="TestPage.RS_HomePageTest">
    <skipped/>
  </testcase> <!-- clickingonLoginTab -->
  <testcase name="verifyPractiseLink1" time="0.0" classname="TestPage.RS_ProjectPageTest">
    <skipped/>
  </testcase> <!-- verifyPractiseLink1 -->
</testsuite> <!-- Testing Framework -->
